#
# There is insufficient memory for the Java Runtime Environment to continue.
# Native memory allocation (malloc) failed to allocate 262160 bytes for Chunk::new
# Possible reasons:
#   The system is out of physical RAM or swap space
#   The process is running with CompressedOops enabled, and the Java Heap may be blocking the growth of the native heap
# Possible solutions:
#   Reduce memory load on the system
#   Increase physical memory or swap space
#   Check if swap backing store is full
#   Decrease Java heap size (-Xmx/-Xms)
#   Decrease number of Java threads
#   Decrease Java thread stack sizes (-Xss)
#   Set larger code cache with -XX:ReservedCodeCacheSize=
#   JVM is running with Zero Based Compressed Oops mode in which the Java heap is
#     placed in the first 32GB address space. The Java Heap base address is the
#     maximum limit for the native heap growth. Please use -XX:HeapBaseMinAddress
#     to set the Java Heap base and to place the Java Heap above 32GB virtual address.
# This output file may be truncated or incomplete.
#
#  Out of Memory Error (arena.cpp:189), pid=34176, tid=37640
#
# JRE version: Java(TM) SE Runtime Environment (17.0.1+12) (build 17.0.1+12-LTS-39)
# Java VM: Java HotSpot(TM) 64-Bit Server VM (17.0.1+12-LTS-39, mixed mode, sharing, tiered, compressed oops, compressed class ptrs, g1 gc, windows-amd64)
# No core dump will be written. Minidumps are not enabled by default on client versions of Windows
#

---------------  S U M M A R Y ------------

Command Line: -javaagent:E:\IntelliJ IDEA Community Edition 2024.3.5\lib\idea_rt.jar=50150 -Dfile.encoding=UTF-8 com.example.TeluskoSpringSecurityTutorial.TeluskoSpringSecurityTutorialApplication

Host: Intel(R) Core(TM) i5-10400F CPU @ 2.90GHz, 12 cores, 63G,  Windows 10 , 64 bit Build 19041 (10.0.19041.5915)
Time: Sun Jul 20 13:42:36 2025 W. Europe Daylight Time elapsed time: 0.800702 seconds (0d 0h 0m 0s)

---------------  T H R E A D  ---------------

Current thread (0x0000023d71204a00):  JavaThread "C2 CompilerThread1" daemon [_thread_in_native, id=37640, stack(0x0000006f87f00000,0x0000006f88000000)]


Current CompileTask:
C2:    800 1678       4       jdk.internal.org.objectweb.asm.Frame::execute (2305 bytes)

Stack: [0x0000006f87f00000,0x0000006f88000000]
Native frames: (J=compiled Java code, j=interpreted, Vv=VM code, C=native code)
V  [jvm.dll+0x66fa1a]
V  [jvm.dll+0x7ce5a4]
V  [jvm.dll+0x7cfd4e]
V  [jvm.dll+0x7d03b3]
V  [jvm.dll+0x242b05]
V  [jvm.dll+0xaa05b]
V  [jvm.dll+0xaa5ec]
V  [jvm.dll+0xaa16b]
V  [jvm.dll+0x694ae8]
V  [jvm.dll+0x35c4b7]
V  [jvm.dll+0x35c92c]
V  [jvm.dll+0x35c710]
V  [jvm.dll+0x2cdb25]
V  [jvm.dll+0x6365b7]
V  [jvm.dll+0x10f59c]
V  [jvm.dll+0x339f26]
V  [jvm.dll+0x68b4b6]
V  [jvm.dll+0x68a802]
V  [jvm.dll+0x685ce8]
V  [jvm.dll+0x67fddb]
V  [jvm.dll+0x67f417]
V  [jvm.dll+0x67d312]
V  [jvm.dll+0x1a483c]
V  [jvm.dll+0x1a5406]
V  [jvm.dll+0x2a8714]
V  [jvm.dll+0x687ddb]
V  [jvm.dll+0x67fddb]
V  [jvm.dll+0x67f417]
V  [jvm.dll+0x67d312]
V  [jvm.dll+0x1a483c]
V  [jvm.dll+0x214c18]
V  [jvm.dll+0x1a168d]
V  [jvm.dll+0x224848]
V  [jvm.dll+0x2229ac]
V  [jvm.dll+0x78435b]
V  [jvm.dll+0x77e91a]
V  [jvm.dll+0x66e845]
C  [ucrtbase.dll+0x21bb2]
C  [KERNEL32.DLL+0x17374]
C  [ntdll.dll+0x4cc91]


---------------  P R O C E S S  ---------------

Threads class SMR info:
_java_thread_list=0x0000023d714ffc60, length=17, elements={
0x0000023d2e4d4150, 0x0000023d6f368b70, 0x0000023d6f3697e0, 0x0000023d6ff076b0,
0x0000023d6ff07f70, 0x0000023d6ff08830, 0x0000023d6ff0b1f0, 0x0000023d6ff0bf80,
0x0000023d6ff18340, 0x0000023d6ff1ad40, 0x0000023d6f352600, 0x0000023d70172180,
0x0000023d70172650, 0x0000023d71204a00, 0x0000023d713b2450, 0x0000023d70de98d0,
0x0000023d71503b80
}

Java Threads: ( => current thread )
  0x0000023d2e4d4150 JavaThread "main" [_thread_blocked, id=10408, stack(0x0000006f86b00000,0x0000006f86c00000)]
  0x0000023d6f368b70 JavaThread "Reference Handler" daemon [_thread_blocked, id=10112, stack(0x0000006f87200000,0x0000006f87300000)]
  0x0000023d6f3697e0 JavaThread "Finalizer" daemon [_thread_blocked, id=38332, stack(0x0000006f87300000,0x0000006f87400000)]
  0x0000023d6ff076b0 JavaThread "Signal Dispatcher" daemon [_thread_blocked, id=35748, stack(0x0000006f87400000,0x0000006f87500000)]
  0x0000023d6ff07f70 JavaThread "Attach Listener" daemon [_thread_blocked, id=10976, stack(0x0000006f87500000,0x0000006f87600000)]
  0x0000023d6ff08830 JavaThread "Service Thread" daemon [_thread_blocked, id=27836, stack(0x0000006f87600000,0x0000006f87700000)]
  0x0000023d6ff0b1f0 JavaThread "Monitor Deflation Thread" daemon [_thread_blocked, id=32956, stack(0x0000006f87700000,0x0000006f87800000)]
  0x0000023d6ff0bf80 JavaThread "C2 CompilerThread0" daemon [_thread_in_native, id=32316, stack(0x0000006f87800000,0x0000006f87900000)]
  0x0000023d6ff18340 JavaThread "C1 CompilerThread0" daemon [_thread_blocked, id=27124, stack(0x0000006f87900000,0x0000006f87a00000)]
  0x0000023d6ff1ad40 JavaThread "Sweeper thread" daemon [_thread_blocked, id=24372, stack(0x0000006f87a00000,0x0000006f87b00000)]
  0x0000023d6f352600 JavaThread "Common-Cleaner" daemon [_thread_blocked, id=30248, stack(0x0000006f87b00000,0x0000006f87c00000)]
  0x0000023d70172180 JavaThread "Monitor Ctrl-Break" daemon [_thread_in_native, id=3584, stack(0x0000006f87c00000,0x0000006f87d00000)]
  0x0000023d70172650 JavaThread "Notification Thread" daemon [_thread_blocked, id=13240, stack(0x0000006f87d00000,0x0000006f87e00000)]
=>0x0000023d71204a00 JavaThread "C2 CompilerThread1" daemon [_thread_in_native, id=37640, stack(0x0000006f87f00000,0x0000006f88000000)]
  0x0000023d713b2450 JavaThread "Thread-0" [_thread_blocked, id=27412, stack(0x0000006f88000000,0x0000006f88100000)]
  0x0000023d70de98d0 JavaThread "restartedMain" [_thread_in_vm, id=10576, stack(0x0000006f88100000,0x0000006f88200000)]
  0x0000023d71503b80 JavaThread "background-preinit" [_thread_in_vm, id=18056, stack(0x0000006f88200000,0x0000006f88300000)]

Other Threads:
  0x0000023d6f362150 VMThread "VM Thread" [stack: 0x0000006f87100000,0x0000006f87200000] [id=11828]
  0x0000023d70127940 WatcherThread [stack: 0x0000006f87e00000,0x0000006f87f00000] [id=28648]
  0x0000023d2e58b460 GCTaskThread "GC Thread#0" [stack: 0x0000006f86c00000,0x0000006f86d00000] [id=8688]
  0x0000023d716b7c10 GCTaskThread "GC Thread#1" [stack: 0x0000006f88300000,0x0000006f88400000] [id=21908]
  0x0000023d7176ece0 GCTaskThread "GC Thread#2" [stack: 0x0000006f88400000,0x0000006f88500000] [id=1884]
  0x0000023d71760640 GCTaskThread "GC Thread#3" [stack: 0x0000006f88500000,0x0000006f88600000] [id=36636]
  0x0000023d72c11cc0 GCTaskThread "GC Thread#4" [stack: 0x0000006f88600000,0x0000006f88700000] [id=30052]
  0x0000023d71762930 GCTaskThread "GC Thread#5" [stack: 0x0000006f88700000,0x0000006f88800000] [id=32168]
  0x0000023d7177f9f0 GCTaskThread "GC Thread#6" [stack: 0x0000006f88800000,0x0000006f88900000] [id=44228]
  0x0000023d717f2110 GCTaskThread "GC Thread#7" [stack: 0x0000006f88900000,0x0000006f88a00000] [id=11464]
  0x0000023d717f23c0 GCTaskThread "GC Thread#8" [stack: 0x0000006f88a00000,0x0000006f88b00000] [id=22536]
  0x0000023d71793f50 GCTaskThread "GC Thread#9" [stack: 0x0000006f88b00000,0x0000006f88c00000] [id=33416]
  0x0000023d2e59d270 ConcurrentGCThread "G1 Main Marker" [stack: 0x0000006f86d00000,0x0000006f86e00000] [id=25984]
  0x0000023d2e59e320 ConcurrentGCThread "G1 Conc#0" [stack: 0x0000006f86e00000,0x0000006f86f00000] [id=27824]
  0x0000023d6f2f8010 ConcurrentGCThread "G1 Refine#0" [stack: 0x0000006f86f00000,0x0000006f87000000] [id=32064]
  0x0000023d6f2f8930 ConcurrentGCThread "G1 Service" [stack: 0x0000006f87000000,0x0000006f87100000] [id=42276]

Threads with active compile tasks:
C2 CompilerThread0      824 1688       4       org.springframework.boot.context.properties.source.ConfigurationPropertyName$ElementsParser::parse (234 bytes)
C2 CompilerThread1      824 1678       4       jdk.internal.org.objectweb.asm.Frame::execute (2305 bytes)

VM state: not at safepoint (normal execution)

VM Mutex/Monitor currently owned by a thread:  ([mutex/lock_event])
[0x0000023d2e4c20f0] Metaspace_lock - owner thread: 0x0000023d71503b80

OutOfMemory and StackOverflow Exception counts:
OutOfMemoryError java_heap_errors=1
LinkageErrors=47

Heap address: 0x0000000401000000, size: 16368 MB, Compressed Oops mode: Zero based, Oop shift amount: 3

CDS archive(s) mapped at: [0x0000000800000000-0x0000000800bc0000-0x0000000800bc0000), size 12320768, SharedBaseAddress: 0x0000000800000000, ArchiveRelocationMode: 0.
Compressed class space mapped at: 0x0000000800c00000-0x0000000840c00000, reserved size: 1073741824
Narrow klass base: 0x0000000800000000, Narrow klass shift: 0, Narrow klass range: 0x100000000

GC Precious Log:
 CPUs: 12 total, 12 available
 Memory: 65464M
 Large Page Support: Disabled
 NUMA Support: Disabled
 Compressed Oops: Enabled (Zero based)
 Heap Region Size: 8M
 Heap Min Capacity: 8M
 Heap Initial Capacity: 1G
 Heap Max Capacity: 16368M
 Pre-touch: Disabled
 Parallel Workers: 10
 Concurrent Workers: 3
 Concurrent Refinement Workers: 10
 Periodic GC: Disabled

Heap:
 garbage-first heap   total 1048576K, used 6778K [0x0000000401000000, 0x0000000800000000)
  region size 8192K, 2 young (16384K), 1 survivors (8192K)
 Metaspace       used 9869K, committed 10112K, reserved 1064960K
  class space    used 1249K, committed 1408K, reserved 1048576K

Heap Regions: E=young(eden), S=young(survivor), O=old, HS=humongous(starts), HC=humongous(continues), CS=collection set, F=free, OA=open archive, CA=closed archive, TAMS=top-at-mark-start (previous, next)
|   0|0x0000000401000000, 0x0000000401000000, 0x0000000401800000|  0%| F|  |TAMS 0x0000000401000000, 0x0000000401000000| Untracked 
|   1|0x0000000401800000, 0x0000000401800000, 0x0000000402000000|  0%| F|  |TAMS 0x0000000401800000, 0x0000000401800000| Untracked 
|   2|0x0000000402000000, 0x0000000402000000, 0x0000000402800000|  0%| F|  |TAMS 0x0000000402000000, 0x0000000402000000| Untracked 
|   3|0x0000000402800000, 0x0000000402800000, 0x0000000403000000|  0%| F|  |TAMS 0x0000000402800000, 0x0000000402800000| Untracked 
|   4|0x0000000403000000, 0x0000000403000000, 0x0000000403800000|  0%| F|  |TAMS 0x0000000403000000, 0x0000000403000000| Untracked 
|   5|0x0000000403800000, 0x0000000403800000, 0x0000000404000000|  0%| F|  |TAMS 0x0000000403800000, 0x0000000403800000| Untracked 
|   6|0x0000000404000000, 0x0000000404000000, 0x0000000404800000|  0%| F|  |TAMS 0x0000000404000000, 0x0000000404000000| Untracked 
|   7|0x0000000404800000, 0x0000000404800000, 0x0000000405000000|  0%| F|  |TAMS 0x0000000404800000, 0x0000000404800000| Untracked 
|   8|0x0000000405000000, 0x0000000405000000, 0x0000000405800000|  0%| F|  |TAMS 0x0000000405000000, 0x0000000405000000| Untracked 
|   9|0x0000000405800000, 0x0000000405800000, 0x0000000406000000|  0%| F|  |TAMS 0x0000000405800000, 0x0000000405800000| Untracked 
|  10|0x0000000406000000, 0x0000000406000000, 0x0000000406800000|  0%| F|  |TAMS 0x0000000406000000, 0x0000000406000000| Untracked 
|  11|0x0000000406800000, 0x0000000406800000, 0x0000000407000000|  0%| F|  |TAMS 0x0000000406800000, 0x0000000406800000| Untracked 
|  12|0x0000000407000000, 0x0000000407000000, 0x0000000407800000|  0%| F|  |TAMS 0x0000000407000000, 0x0000000407000000| Untracked 
|  13|0x0000000407800000, 0x0000000407800000, 0x0000000408000000|  0%| F|  |TAMS 0x0000000407800000, 0x0000000407800000| Untracked 
|  14|0x0000000408000000, 0x0000000408000000, 0x0000000408800000|  0%| F|  |TAMS 0x0000000408000000, 0x0000000408000000| Untracked 
|  15|0x0000000408800000, 0x0000000408800000, 0x0000000409000000|  0%| F|  |TAMS 0x0000000408800000, 0x0000000408800000| Untracked 
|  16|0x0000000409000000, 0x0000000409000000, 0x0000000409800000|  0%| F|  |TAMS 0x0000000409000000, 0x0000000409000000| Untracked 
|  17|0x0000000409800000, 0x0000000409800000, 0x000000040a000000|  0%| F|  |TAMS 0x0000000409800000, 0x0000000409800000| Untracked 
|  18|0x000000040a000000, 0x000000040a000000, 0x000000040a800000|  0%| F|  |TAMS 0x000000040a000000, 0x000000040a000000| Untracked 
|  19|0x000000040a800000, 0x000000040a800000, 0x000000040b000000|  0%| F|  |TAMS 0x000000040a800000, 0x000000040a800000| Untracked 
|  20|0x000000040b000000, 0x000000040b000000, 0x000000040b800000|  0%| F|  |TAMS 0x000000040b000000, 0x000000040b000000| Untracked 
|  21|0x000000040b800000, 0x000000040b800000, 0x000000040c000000|  0%| F|  |TAMS 0x000000040b800000, 0x000000040b800000| Untracked 
|  22|0x000000040c000000, 0x000000040c000000, 0x000000040c800000|  0%| F|  |TAMS 0x000000040c000000, 0x000000040c000000| Untracked 
|  23|0x000000040c800000, 0x000000040c800000, 0x000000040d000000|  0%| F|  |TAMS 0x000000040c800000, 0x000000040c800000| Untracked 
|  24|0x000000040d000000, 0x000000040d000000, 0x000000040d800000|  0%| F|  |TAMS 0x000000040d000000, 0x000000040d000000| Untracked 
|  25|0x000000040d800000, 0x000000040d800000, 0x000000040e000000|  0%| F|  |TAMS 0x000000040d800000, 0x000000040d800000| Untracked 
|  26|0x000000040e000000, 0x000000040e000000, 0x000000040e800000|  0%| F|  |TAMS 0x000000040e000000, 0x000000040e000000| Untracked 
|  27|0x000000040e800000, 0x000000040e800000, 0x000000040f000000|  0%| F|  |TAMS 0x000000040e800000, 0x000000040e800000| Untracked 
|  28|0x000000040f000000, 0x000000040f000000, 0x000000040f800000|  0%| F|  |TAMS 0x000000040f000000, 0x000000040f000000| Untracked 
|  29|0x000000040f800000, 0x000000040f800000, 0x0000000410000000|  0%| F|  |TAMS 0x000000040f800000, 0x000000040f800000| Untracked 
|  30|0x0000000410000000, 0x0000000410000000, 0x0000000410800000|  0%| F|  |TAMS 0x0000000410000000, 0x0000000410000000| Untracked 
|  31|0x0000000410800000, 0x0000000410800000, 0x0000000411000000|  0%| F|  |TAMS 0x0000000410800000, 0x0000000410800000| Untracked 
|  32|0x0000000411000000, 0x0000000411000000, 0x0000000411800000|  0%| F|  |TAMS 0x0000000411000000, 0x0000000411000000| Untracked 
|  33|0x0000000411800000, 0x0000000411800000, 0x0000000412000000|  0%| F|  |TAMS 0x0000000411800000, 0x0000000411800000| Untracked 
|  34|0x0000000412000000, 0x0000000412000000, 0x0000000412800000|  0%| F|  |TAMS 0x0000000412000000, 0x0000000412000000| Untracked 
|  35|0x0000000412800000, 0x0000000412800000, 0x0000000413000000|  0%| F|  |TAMS 0x0000000412800000, 0x0000000412800000| Untracked 
|  36|0x0000000413000000, 0x0000000413000000, 0x0000000413800000|  0%| F|  |TAMS 0x0000000413000000, 0x0000000413000000| Untracked 
|  37|0x0000000413800000, 0x0000000413800000, 0x0000000414000000|  0%| F|  |TAMS 0x0000000413800000, 0x0000000413800000| Untracked 
|  38|0x0000000414000000, 0x0000000414000000, 0x0000000414800000|  0%| F|  |TAMS 0x0000000414000000, 0x0000000414000000| Untracked 
|  39|0x0000000414800000, 0x0000000414800000, 0x0000000415000000|  0%| F|  |TAMS 0x0000000414800000, 0x0000000414800000| Untracked 
|  40|0x0000000415000000, 0x0000000415000000, 0x0000000415800000|  0%| F|  |TAMS 0x0000000415000000, 0x0000000415000000| Untracked 
|  41|0x0000000415800000, 0x0000000415800000, 0x0000000416000000|  0%| F|  |TAMS 0x0000000415800000, 0x0000000415800000| Untracked 
|  42|0x0000000416000000, 0x0000000416000000, 0x0000000416800000|  0%| F|  |TAMS 0x0000000416000000, 0x0000000416000000| Untracked 
|  43|0x0000000416800000, 0x0000000416800000, 0x0000000417000000|  0%| F|  |TAMS 0x0000000416800000, 0x0000000416800000| Untracked 
|  44|0x0000000417000000, 0x0000000417000000, 0x0000000417800000|  0%| F|  |TAMS 0x0000000417000000, 0x0000000417000000| Untracked 
|  45|0x0000000417800000, 0x0000000417800000, 0x0000000418000000|  0%| F|  |TAMS 0x0000000417800000, 0x0000000417800000| Untracked 
|  46|0x0000000418000000, 0x0000000418000000, 0x0000000418800000|  0%| F|  |TAMS 0x0000000418000000, 0x0000000418000000| Untracked 
|  47|0x0000000418800000, 0x0000000418800000, 0x0000000419000000|  0%| F|  |TAMS 0x0000000418800000, 0x0000000418800000| Untracked 
|  48|0x0000000419000000, 0x0000000419000000, 0x0000000419800000|  0%| F|  |TAMS 0x0000000419000000, 0x0000000419000000| Untracked 
|  49|0x0000000419800000, 0x0000000419800000, 0x000000041a000000|  0%| F|  |TAMS 0x0000000419800000, 0x0000000419800000| Untracked 
|  50|0x000000041a000000, 0x000000041a000000, 0x000000041a800000|  0%| F|  |TAMS 0x000000041a000000, 0x000000041a000000| Untracked 
|  51|0x000000041a800000, 0x000000041a800000, 0x000000041b000000|  0%| F|  |TAMS 0x000000041a800000, 0x000000041a800000| Untracked 
|  52|0x000000041b000000, 0x000000041b000000, 0x000000041b800000|  0%| F|  |TAMS 0x000000041b000000, 0x000000041b000000| Untracked 
|  53|0x000000041b800000, 0x000000041b800000, 0x000000041c000000|  0%| F|  |TAMS 0x000000041b800000, 0x000000041b800000| Untracked 
|  54|0x000000041c000000, 0x000000041c000000, 0x000000041c800000|  0%| F|  |TAMS 0x000000041c000000, 0x000000041c000000| Untracked 
|  55|0x000000041c800000, 0x000000041c800000, 0x000000041d000000|  0%| F|  |TAMS 0x000000041c800000, 0x000000041c800000| Untracked 
|  56|0x000000041d000000, 0x000000041d000000, 0x000000041d800000|  0%| F|  |TAMS 0x000000041d000000, 0x000000041d000000| Untracked 
|  57|0x000000041d800000, 0x000000041d800000, 0x000000041e000000|  0%| F|  |TAMS 0x000000041d800000, 0x000000041d800000| Untracked 
|  58|0x000000041e000000, 0x000000041e000000, 0x000000041e800000|  0%| F|  |TAMS 0x000000041e000000, 0x000000041e000000| Untracked 
|  59|0x000000041e800000, 0x000000041e800000, 0x000000041f000000|  0%| F|  |TAMS 0x000000041e800000, 0x000000041e800000| Untracked 
|  60|0x000000041f000000, 0x000000041f000000, 0x000000041f800000|  0%| F|  |TAMS 0x000000041f000000, 0x000000041f000000| Untracked 
|  61|0x000000041f800000, 0x000000041f800000, 0x0000000420000000|  0%| F|  |TAMS 0x000000041f800000, 0x000000041f800000| Untracked 
|  62|0x0000000420000000, 0x0000000420000000, 0x0000000420800000|  0%| F|  |TAMS 0x0000000420000000, 0x0000000420000000| Untracked 
|  63|0x0000000420800000, 0x0000000420800000, 0x0000000421000000|  0%| F|  |TAMS 0x0000000420800000, 0x0000000420800000| Untracked 
|  64|0x0000000421000000, 0x0000000421000000, 0x0000000421800000|  0%| F|  |TAMS 0x0000000421000000, 0x0000000421000000| Untracked 
|  65|0x0000000421800000, 0x0000000421800000, 0x0000000422000000|  0%| F|  |TAMS 0x0000000421800000, 0x0000000421800000| Untracked 
|  66|0x0000000422000000, 0x0000000422000000, 0x0000000422800000|  0%| F|  |TAMS 0x0000000422000000, 0x0000000422000000| Untracked 
|  67|0x0000000422800000, 0x0000000422800000, 0x0000000423000000|  0%| F|  |TAMS 0x0000000422800000, 0x0000000422800000| Untracked 
|  68|0x0000000423000000, 0x0000000423000000, 0x0000000423800000|  0%| F|  |TAMS 0x0000000423000000, 0x0000000423000000| Untracked 
|  69|0x0000000423800000, 0x0000000423800000, 0x0000000424000000|  0%| F|  |TAMS 0x0000000423800000, 0x0000000423800000| Untracked 
|  70|0x0000000424000000, 0x0000000424000000, 0x0000000424800000|  0%| F|  |TAMS 0x0000000424000000, 0x0000000424000000| Untracked 
|  71|0x0000000424800000, 0x0000000424800000, 0x0000000425000000|  0%| F|  |TAMS 0x0000000424800000, 0x0000000424800000| Untracked 
|  72|0x0000000425000000, 0x0000000425000000, 0x0000000425800000|  0%| F|  |TAMS 0x0000000425000000, 0x0000000425000000| Untracked 
|  73|0x0000000425800000, 0x0000000425800000, 0x0000000426000000|  0%| F|  |TAMS 0x0000000425800000, 0x0000000425800000| Untracked 
|  74|0x0000000426000000, 0x0000000426000000, 0x0000000426800000|  0%| F|  |TAMS 0x0000000426000000, 0x0000000426000000| Untracked 
|  75|0x0000000426800000, 0x0000000426800000, 0x0000000427000000|  0%| F|  |TAMS 0x0000000426800000, 0x0000000426800000| Untracked 
|  76|0x0000000427000000, 0x0000000427000000, 0x0000000427800000|  0%| F|  |TAMS 0x0000000427000000, 0x0000000427000000| Untracked 
|  77|0x0000000427800000, 0x0000000427800000, 0x0000000428000000|  0%| F|  |TAMS 0x0000000427800000, 0x0000000427800000| Untracked 
|  78|0x0000000428000000, 0x0000000428000000, 0x0000000428800000|  0%| F|  |TAMS 0x0000000428000000, 0x0000000428000000| Untracked 
|  79|0x0000000428800000, 0x0000000428800000, 0x0000000429000000|  0%| F|  |TAMS 0x0000000428800000, 0x0000000428800000| Untracked 
|  80|0x0000000429000000, 0x0000000429000000, 0x0000000429800000|  0%| F|  |TAMS 0x0000000429000000, 0x0000000429000000| Untracked 
|  81|0x0000000429800000, 0x0000000429800000, 0x000000042a000000|  0%| F|  |TAMS 0x0000000429800000, 0x0000000429800000| Untracked 
|  82|0x000000042a000000, 0x000000042a000000, 0x000000042a800000|  0%| F|  |TAMS 0x000000042a000000, 0x000000042a000000| Untracked 
|  83|0x000000042a800000, 0x000000042a800000, 0x000000042b000000|  0%| F|  |TAMS 0x000000042a800000, 0x000000042a800000| Untracked 
|  84|0x000000042b000000, 0x000000042b000000, 0x000000042b800000|  0%| F|  |TAMS 0x000000042b000000, 0x000000042b000000| Untracked 
|  85|0x000000042b800000, 0x000000042b800000, 0x000000042c000000|  0%| F|  |TAMS 0x000000042b800000, 0x000000042b800000| Untracked 
|  86|0x000000042c000000, 0x000000042c000000, 0x000000042c800000|  0%| F|  |TAMS 0x000000042c000000, 0x000000042c000000| Untracked 
|  87|0x000000042c800000, 0x000000042c800000, 0x000000042d000000|  0%| F|  |TAMS 0x000000042c800000, 0x000000042c800000| Untracked 
|  88|0x000000042d000000, 0x000000042d000000, 0x000000042d800000|  0%| F|  |TAMS 0x000000042d000000, 0x000000042d000000| Untracked 
|  89|0x000000042d800000, 0x000000042d800000, 0x000000042e000000|  0%| F|  |TAMS 0x000000042d800000, 0x000000042d800000| Untracked 
|  90|0x000000042e000000, 0x000000042e000000, 0x000000042e800000|  0%| F|  |TAMS 0x000000042e000000, 0x000000042e000000| Untracked 
|  91|0x000000042e800000, 0x000000042e800000, 0x000000042f000000|  0%| F|  |TAMS 0x000000042e800000, 0x000000042e800000| Untracked 
|  92|0x000000042f000000, 0x000000042f000000, 0x000000042f800000|  0%| F|  |TAMS 0x000000042f000000, 0x000000042f000000| Untracked 
|  93|0x000000042f800000, 0x000000042f800000, 0x0000000430000000|  0%| F|  |TAMS 0x000000042f800000, 0x000000042f800000| Untracked 
|  94|0x0000000430000000, 0x0000000430000000, 0x0000000430800000|  0%| F|  |TAMS 0x0000000430000000, 0x0000000430000000| Untracked 
|  95|0x0000000430800000, 0x0000000430800000, 0x0000000431000000|  0%| F|  |TAMS 0x0000000430800000, 0x0000000430800000| Untracked 
|  96|0x0000000431000000, 0x0000000431000000, 0x0000000431800000|  0%| F|  |TAMS 0x0000000431000000, 0x0000000431000000| Untracked 
|  97|0x0000000431800000, 0x0000000431800000, 0x0000000432000000|  0%| F|  |TAMS 0x0000000431800000, 0x0000000431800000| Untracked 
|  98|0x0000000432000000, 0x0000000432000000, 0x0000000432800000|  0%| F|  |TAMS 0x0000000432000000, 0x0000000432000000| Untracked 
|  99|0x0000000432800000, 0x0000000432800000, 0x0000000433000000|  0%| F|  |TAMS 0x0000000432800000, 0x0000000432800000| Untracked 
| 100|0x0000000433000000, 0x0000000433000000, 0x0000000433800000|  0%| F|  |TAMS 0x0000000433000000, 0x0000000433000000| Untracked 
| 101|0x0000000433800000, 0x0000000433800000, 0x0000000434000000|  0%| F|  |TAMS 0x0000000433800000, 0x0000000433800000| Untracked 
| 102|0x0000000434000000, 0x0000000434000000, 0x0000000434800000|  0%| F|  |TAMS 0x0000000434000000, 0x0000000434000000| Untracked 
| 103|0x0000000434800000, 0x0000000434800000, 0x0000000435000000|  0%| F|  |TAMS 0x0000000434800000, 0x0000000434800000| Untracked 
| 104|0x0000000435000000, 0x0000000435000000, 0x0000000435800000|  0%| F|  |TAMS 0x0000000435000000, 0x0000000435000000| Untracked 
| 105|0x0000000435800000, 0x0000000435800000, 0x0000000436000000|  0%| F|  |TAMS 0x0000000435800000, 0x0000000435800000| Untracked 
| 106|0x0000000436000000, 0x0000000436000000, 0x0000000436800000|  0%| F|  |TAMS 0x0000000436000000, 0x0000000436000000| Untracked 
| 107|0x0000000436800000, 0x0000000436800000, 0x0000000437000000|  0%| F|  |TAMS 0x0000000436800000, 0x0000000436800000| Untracked 
| 108|0x0000000437000000, 0x0000000437000000, 0x0000000437800000|  0%| F|  |TAMS 0x0000000437000000, 0x0000000437000000| Untracked 
| 109|0x0000000437800000, 0x0000000437800000, 0x0000000438000000|  0%| F|  |TAMS 0x0000000437800000, 0x0000000437800000| Untracked 
| 110|0x0000000438000000, 0x0000000438000000, 0x0000000438800000|  0%| F|  |TAMS 0x0000000438000000, 0x0000000438000000| Untracked 
| 111|0x0000000438800000, 0x0000000438800000, 0x0000000439000000|  0%| F|  |TAMS 0x0000000438800000, 0x0000000438800000| Untracked 
| 112|0x0000000439000000, 0x0000000439000000, 0x0000000439800000|  0%| F|  |TAMS 0x0000000439000000, 0x0000000439000000| Untracked 
| 113|0x0000000439800000, 0x0000000439800000, 0x000000043a000000|  0%| F|  |TAMS 0x0000000439800000, 0x0000000439800000| Untracked 
| 114|0x000000043a000000, 0x000000043a000000, 0x000000043a800000|  0%| F|  |TAMS 0x000000043a000000, 0x000000043a000000| Untracked 
| 115|0x000000043a800000, 0x000000043a800000, 0x000000043b000000|  0%| F|  |TAMS 0x000000043a800000, 0x000000043a800000| Untracked 
| 116|0x000000043b000000, 0x000000043b000000, 0x000000043b800000|  0%| F|  |TAMS 0x000000043b000000, 0x000000043b000000| Untracked 
| 117|0x000000043b800000, 0x000000043b800000, 0x000000043c000000|  0%| F|  |TAMS 0x000000043b800000, 0x000000043b800000| Untracked 
| 118|0x000000043c000000, 0x000000043c000000, 0x000000043c800000|  0%| F|  |TAMS 0x000000043c000000, 0x000000043c000000| Untracked 
| 119|0x000000043c800000, 0x000000043c800000, 0x000000043d000000|  0%| F|  |TAMS 0x000000043c800000, 0x000000043c800000| Untracked 
| 120|0x000000043d000000, 0x000000043d000000, 0x000000043d800000|  0%| F|  |TAMS 0x000000043d000000, 0x000000043d000000| Untracked 
| 121|0x000000043d800000, 0x000000043de9e8b8, 0x000000043e000000| 82%| S|CS|TAMS 0x000000043d800000, 0x000000043d800000| Complete 
| 122|0x000000043e000000, 0x000000043e000000, 0x000000043e800000|  0%| F|  |TAMS 0x000000043e000000, 0x000000043e000000| Untracked 
| 123|0x000000043e800000, 0x000000043e800000, 0x000000043f000000|  0%| F|  |TAMS 0x000000043e800000, 0x000000043e800000| Untracked 
| 124|0x000000043f000000, 0x000000043f000000, 0x000000043f800000|  0%| F|  |TAMS 0x000000043f000000, 0x000000043f000000| Untracked 
| 125|0x000000043f800000, 0x000000043f800000, 0x0000000440000000|  0%| F|  |TAMS 0x000000043f800000, 0x000000043f800000| Untracked 
| 126|0x0000000440000000, 0x0000000440000000, 0x0000000440800000|  0%| F|  |TAMS 0x0000000440000000, 0x0000000440000000| Untracked 
| 127|0x0000000440800000, 0x000000044096d140, 0x0000000441000000| 17%| E|  |TAMS 0x0000000440800000, 0x0000000440800000| Complete 

Card table byte_map: [0x0000023d49160000,0x0000023d4b160000] _byte_map_base: 0x0000023d47158000

Marking Bits (Prev, Next): (CMBitMap*) 0x0000023d2e58b970, (CMBitMap*) 0x0000023d2e58b9b0
 Prev Bits: [0x0000023d4d160000, 0x0000023d5d120000)
 Next Bits: [0x0000023d5d120000, 0x0000023d6d0e0000)

Polling page: 0x0000023d2e5a0000

Metaspace:

Usage:
  Non-class:      8.42 MB used.
      Class:      1.22 MB used.
       Both:      9.64 MB used.

Virtual space:
  Non-class space:       16.00 MB reserved,       8.50 MB ( 53%) committed,  2 nodes.
      Class space:        1.00 GB reserved,       1.38 MB ( <1%) committed,  1 nodes.
             Both:        1.02 GB reserved,       9.88 MB ( <1%) committed. 

Chunk freelists:
   Non-Class:  2.73 MB
       Class:  2.55 MB
        Both:  5.28 MB

MaxMetaspaceSize: unlimited
CompressedClassSpaceSize: 1.00 GB
Initial GC threshold: 21.00 MB
Current GC threshold: 21.00 MB
CDS: on
MetaspaceReclaimPolicy: balanced
 - commit_granule_bytes: 65536.
 - commit_granule_words: 8192.
 - virtual_space_node_default_size: 1048576.
 - enlarge_chunks_in_place: 1.
 - new_chunks_are_fully_committed: 0.
 - uncommit_free_chunks: 1.
 - use_allocation_guard: 0.
 - handle_deallocations: 1.


Internal statistics:

num_allocs_failed_limit: 0.
num_arena_births: 240.
num_arena_deaths: 0.
num_vsnodes_births: 3.
num_vsnodes_deaths: 0.
num_space_committed: 158.
num_space_uncommitted: 0.
num_chunks_returned_to_freelist: 0.
num_chunks_taken_from_freelist: 568.
num_chunk_merges: 0.
num_chunk_splits: 357.
num_chunks_enlarged: 254.
num_purges: 0.
num_inconsistent_stats: 0.

CodeHeap 'non-profiled nmethods': size=120000Kb used=578Kb max_used=578Kb free=119421Kb
 bounds [0x0000023d3efb0000, 0x0000023d3f220000, 0x0000023d464e0000]
CodeHeap 'profiled nmethods': size=120000Kb used=3142Kb max_used=3142Kb free=116857Kb
 bounds [0x0000023d37a80000, 0x0000023d37da0000, 0x0000023d3efb0000]
CodeHeap 'non-nmethods': size=5760Kb used=1161Kb max_used=1195Kb free=4598Kb
 bounds [0x0000023d374e0000, 0x0000023d37750000, 0x0000023d37a80000]
 total_blobs=2163 nmethods=1715 adapters=360
 compilation: enabled
              stopped_count=0, restarted_count=0
 full_count=0

Compilation events (20 events):
Event: 0.795 Thread 0x0000023d6ff18340 nmethod 1699 0x0000023d37d84690 code [0x0000023d37d84840, 0x0000023d37d84b18]
Event: 0.795 Thread 0x0000023d6ff18340 1698       3       org.springframework.boot.context.properties.source.ConfigurationPropertyName::ofIfValid (6 bytes)
Event: 0.796 Thread 0x0000023d6ff18340 nmethod 1698 0x0000023d37d84c10 code [0x0000023d37d84de0, 0x0000023d37d852c8]
Event: 0.796 Thread 0x0000023d6ff18340 1694       3       java.util.stream.ReferencePipeline$2$1::begin (13 bytes)
Event: 0.796 Thread 0x0000023d6ff18340 nmethod 1694 0x0000023d37d85490 code [0x0000023d37d85640, 0x0000023d37d85828]
Event: 0.796 Thread 0x0000023d6ff18340 1700       3       java.util.HashMap$KeySet::size (8 bytes)
Event: 0.796 Thread 0x0000023d6ff18340 nmethod 1700 0x0000023d37d85910 code [0x0000023d37d85aa0, 0x0000023d37d85bb8]
Event: 0.796 Thread 0x0000023d6ff18340 1695       3       org.springframework.core.ResolvableType::forClass (9 bytes)
Event: 0.796 Thread 0x0000023d6ff18340 nmethod 1695 0x0000023d37d85c90 code [0x0000023d37d85e40, 0x0000023d37d85fc8]
Event: 0.796 Thread 0x0000023d6ff18340 1696       3       org.springframework.core.ResolvableType::<init> (47 bytes)
Event: 0.796 Thread 0x0000023d6ff18340 nmethod 1696 0x0000023d37d86090 code [0x0000023d37d86240, 0x0000023d37d86598]
Event: 0.796 Thread 0x0000023d6ff18340 1703       3       java.util.BitSet::wordIndex (5 bytes)
Event: 0.796 Thread 0x0000023d6ff18340 nmethod 1703 0x0000023d37d86690 code [0x0000023d37d86820, 0x0000023d37d86918]
Event: 0.796 Thread 0x0000023d6ff18340 1704       3       java.util.BitSet::checkInvariants (111 bytes)
Event: 0.797 Thread 0x0000023d6ff18340 nmethod 1704 0x0000023d37d86990 code [0x0000023d37d86b20, 0x0000023d37d86c58]
Event: 0.797 Thread 0x0000023d6ff18340 1702       3       java.util.BitSet::get (69 bytes)
Event: 0.797 Thread 0x0000023d6ff18340 nmethod 1702 0x0000023d37d86d10 code [0x0000023d37d86f60, 0x0000023d37d87768]
Event: 0.798 Thread 0x0000023d6ff18340 1705       3       org.springframework.boot.context.properties.source.SystemEnvironmentPropertyMapper::convertLegacyNameElement (15 bytes)
Event: 0.799 Thread 0x0000023d6ff18340 nmethod 1705 0x0000023d37d87a90 code [0x0000023d37d87c80, 0x0000023d37d88008]
Event: 0.799 Thread 0x0000023d6ff18340 1706       3       org.springframework.boot.context.properties.source.SpringIterableConfigurationPropertySource$Mappings::updateMappings (261 bytes)

GC Heap History (0 events):
No events

Deoptimization events (20 events):
Event: 0.611 Thread 0x0000023d70de98d0 Uncommon trap: trap_request=0xffffffde fr.pc=0x0000023d3f01120c relative=0x0000000000000a6c
Event: 0.611 Thread 0x0000023d70de98d0 Uncommon trap: reason=class_check action=maybe_recompile pc=0x0000023d3f01120c method=java.util.HashMap.putVal(ILjava/lang/Object;Ljava/lang/Object;ZZ)Ljava/lang/Object; @ 91 c2
Event: 0.611 Thread 0x0000023d70de98d0 DEOPT PACKING pc=0x0000023d3f01120c sp=0x0000006f881fdb60
Event: 0.611 Thread 0x0000023d70de98d0 DEOPT UNPACKING pc=0x0000023d375323a3 sp=0x0000006f881fda80 mode 2
Event: 0.661 Thread 0x0000023d70de98d0 Uncommon trap: trap_request=0xffffffc6 fr.pc=0x0000023d3f0093d8 relative=0x00000000000004f8
Event: 0.661 Thread 0x0000023d70de98d0 Uncommon trap: reason=bimorphic_or_optimized_type_check action=maybe_recompile pc=0x0000023d3f0093d8 method=java.util.HashMap.getNode(Ljava/lang/Object;)Ljava/util/HashMap$Node; @ 63 c2
Event: 0.661 Thread 0x0000023d70de98d0 DEOPT PACKING pc=0x0000023d3f0093d8 sp=0x0000006f881fe020
Event: 0.661 Thread 0x0000023d70de98d0 DEOPT UNPACKING pc=0x0000023d375323a3 sp=0x0000006f881fdf98 mode 2
Event: 0.661 Thread 0x0000023d70de98d0 Uncommon trap: trap_request=0xffffffc6 fr.pc=0x0000023d3f0093d8 relative=0x00000000000004f8
Event: 0.661 Thread 0x0000023d70de98d0 Uncommon trap: reason=bimorphic_or_optimized_type_check action=maybe_recompile pc=0x0000023d3f0093d8 method=java.util.HashMap.getNode(Ljava/lang/Object;)Ljava/util/HashMap$Node; @ 63 c2
Event: 0.661 Thread 0x0000023d70de98d0 DEOPT PACKING pc=0x0000023d3f0093d8 sp=0x0000006f881fe020
Event: 0.661 Thread 0x0000023d70de98d0 DEOPT UNPACKING pc=0x0000023d375323a3 sp=0x0000006f881fdf98 mode 2
Event: 0.665 Thread 0x0000023d70de98d0 Uncommon trap: trap_request=0xffffffc6 fr.pc=0x0000023d3f0093d8 relative=0x00000000000004f8
Event: 0.665 Thread 0x0000023d70de98d0 Uncommon trap: reason=bimorphic_or_optimized_type_check action=maybe_recompile pc=0x0000023d3f0093d8 method=java.util.HashMap.getNode(Ljava/lang/Object;)Ljava/util/HashMap$Node; @ 63 c2
Event: 0.665 Thread 0x0000023d70de98d0 DEOPT PACKING pc=0x0000023d3f0093d8 sp=0x0000006f881fe020
Event: 0.665 Thread 0x0000023d70de98d0 DEOPT UNPACKING pc=0x0000023d375323a3 sp=0x0000006f881fdf98 mode 2
Event: 0.756 Thread 0x0000023d70de98d0 Uncommon trap: trap_request=0xffffffc6 fr.pc=0x0000023d3f0093e8 relative=0x0000000000000508
Event: 0.756 Thread 0x0000023d70de98d0 Uncommon trap: reason=bimorphic_or_optimized_type_check action=maybe_recompile pc=0x0000023d3f0093e8 method=java.util.HashMap.getNode(Ljava/lang/Object;)Ljava/util/HashMap$Node; @ 128 c2
Event: 0.756 Thread 0x0000023d70de98d0 DEOPT PACKING pc=0x0000023d3f0093e8 sp=0x0000006f881fdb50
Event: 0.756 Thread 0x0000023d70de98d0 DEOPT UNPACKING pc=0x0000023d375323a3 sp=0x0000006f881fdad8 mode 2

Classes unloaded (0 events):
No events

Classes redefined (0 events):
No events

Internal exceptions (20 events):
Event: 0.587 Thread 0x0000023d70de98d0 Exception <a 'java/lang/NoSuchMethodError'{0x000000043eab6260}: 'java.lang.Object java.lang.invoke.DirectMethodHandle$Holder.invokeSpecial(java.lang.Object, java.lang.Object, java.lang.Object, java.lang.Object, java.lang.Object, java.lang.Object, java.lang.Object, int)'> (0x000000043eab6260) 
thrown [t:\workspace\open\src\hotspot\share\interpreter\linkResolver.cpp, line 766]
Event: 0.612 Thread 0x0000023d70de98d0 Exception <a 'java/lang/NoSuchMethodError'{0x000000043ebf4828}: 'int java.lang.invoke.DirectMethodHandle$Holder.invokeInterface(java.lang.Object, java.lang.Object)'> (0x000000043ebf4828) 
thrown [t:\workspace\open\src\hotspot\share\interpreter\linkResolver.cpp, line 766]
Event: 0.616 Thread 0x0000023d70de98d0 Exception <a 'java/lang/NoSuchMethodError'{0x000000043ec1dcf0}: 'void java.lang.invoke.DirectMethodHandle$Holder.invokeSpecial(java.lang.Object, java.lang.Object, java.lang.Object, java.lang.Object, java.lang.Object)'> (0x000000043ec1dcf0) 
thrown [t:\workspace\open\src\hotspot\share\interpreter\linkResolver.cpp, line 766]
Event: 0.623 Thread 0x0000023d70de98d0 Exception <a 'java/lang/NoSuchMethodError'{0x000000043ec73340}: 'int java.lang.invoke.DirectMethodHandle$Holder.invokeVirtual(java.lang.Object, java.lang.Object)'> (0x000000043ec73340) 
thrown [t:\workspace\open\src\hotspot\share\interpreter\linkResolver.cpp, line 766]
Event: 0.636 Thread 0x0000023d70de98d0 Exception <a 'java/lang/NoSuchMethodError'{0x000000043ed18160}: 'java.lang.Object java.lang.invoke.DirectMethodHandle$Holder.invokeSpecial(java.lang.Object, java.lang.Object, java.lang.Object, int, java.lang.Object)'> (0x000000043ed18160) 
thrown [t:\workspace\open\src\hotspot\share\interpreter\linkResolver.cpp, line 766]
Event: 0.637 Thread 0x0000023d70de98d0 Exception <a 'java/lang/NoSuchMethodError'{0x000000043ed207c0}: 'java.lang.Object java.lang.invoke.DirectMethodHandle$Holder.newInvokeSpecial(java.lang.Object, java.lang.Object, java.lang.Object, int, java.lang.Object)'> (0x000000043ed207c0) 
thrown [t:\workspace\open\src\hotspot\share\interpreter\linkResolver.cpp, line 766]
Event: 0.637 Thread 0x0000023d70de98d0 Exception <a 'java/lang/NoSuchMethodError'{0x000000043ed28190}: 'java.lang.Object java.lang.invoke.Invokers$Holder.linkToTargetMethod(java.lang.Object, java.lang.Object, int, java.lang.Object, java.lang.Object)'> (0x000000043ed28190) 
thrown [t:\workspace\open\src\hotspot\share\interpreter\linkResolver.cpp, line 766]
Event: 0.638 Thread 0x0000023d70de98d0 Exception <a 'java/lang/NoSuchMethodError'{0x000000043ed37860}: 'java.lang.Object java.lang.invoke.DirectMethodHandle$Holder.newInvokeSpecial(java.lang.Object, int, java.lang.Object)'> (0x000000043ed37860) 
thrown [t:\workspace\open\src\hotspot\share\interpreter\linkResolver.cpp, line 766]
Event: 0.638 Thread 0x0000023d70de98d0 Exception <a 'java/lang/NoSuchMethodError'{0x000000043ed3c540}: 'int java.lang.invoke.DirectMethodHandle$Holder.invokeSpecialIFC(java.lang.Object, java.lang.Object, java.lang.Object, java.lang.Object)'> (0x000000043ed3c540) 
thrown [t:\workspace\open\src\hotspot\share\interpreter\linkResolver.cpp, line 766]
Event: 0.653 Thread 0x0000023d70de98d0 Exception <a 'java/lang/NoSuchMethodError'{0x000000043ee12220}: 'void java.lang.invoke.DirectMethodHandle$Holder.invokeInterface(java.lang.Object, java.lang.Object, java.lang.Object)'> (0x000000043ee12220) 
thrown [t:\workspace\open\src\hotspot\share\interpreter\linkResolver.cpp, line 766]
Event: 0.672 Thread 0x0000023d70de98d0 Exception <a 'java/lang/NoSuchMethodError'{0x000000043eec28e8}: 'void java.lang.invoke.DirectMethodHandle$Holder.invokeStaticInit(java.lang.Object, java.lang.Object, java.lang.Object)'> (0x000000043eec28e8) 
thrown [t:\workspace\open\src\hotspot\share\interpreter\linkResolver.cpp, line 766]
Event: 0.675 Thread 0x0000023d70de98d0 Exception <a 'java/lang/NoSuchMethodError'{0x000000043eee1cb0}: 'java.lang.Object java.lang.invoke.DirectMethodHandle$Holder.invokeVirtual(java.lang.Object, java.lang.Object, java.lang.Object)'> (0x000000043eee1cb0) 
thrown [t:\workspace\open\src\hotspot\share\interpreter\linkResolver.cpp, line 766]
Event: 0.689 Thread 0x0000023d70de98d0 Exception <a 'java/lang/NoSuchMethodError'{0x000000043ef76530}: 'void java.lang.invoke.DirectMethodHandle$Holder.invokeVirtual(java.lang.Object, java.lang.Object, java.lang.Object, java.lang.Object)'> (0x000000043ef76530) 
thrown [t:\workspace\open\src\hotspot\share\interpreter\linkResolver.cpp, line 766]
Event: 0.703 Thread 0x0000023d70de98d0 Exception <a 'java/lang/NoSuchMethodError'{0x000000043e02c5f0}: 'java.lang.Object java.lang.invoke.DirectMethodHandle$Holder.invokeSpecial(java.lang.Object, java.lang.Object, long, java.lang.Object, java.lang.Object, java.lang.Object, java.lang.Object, java.lang.Object, java.lang.Object)'> (0x000000043e02c5f0) 
thrown [t:\workspace\open\src\hotspot\share\interpreter\linkResolver.cpp, line 766]
Event: 0.703 Thread 0x0000023d70de98d0 Exception <a 'java/lang/NoSuchMethodError'{0x000000043e030e70}: 'java.lang.Object java.lang.invoke.DelegatingMethodHandle$Holder.reinvoke_L(java.lang.Object, long, java.lang.Object, java.lang.Object, java.lang.Object, java.lang.Object, java.lang.Object, java.lang.Object)'> (0x000000043e030e70) 
thrown [t:\workspace\open\src\hotspot\share\interpreter\linkResolver.cpp, line 766]
Event: 0.755 Thread 0x0000023d70de98d0 Exception <a 'java/lang/NoSuchMethodError'{0x000000043e1f41b0}: 'void java.lang.invoke.DirectMethodHandle$Holder.invokeSpecial(java.lang.Object, java.lang.Object, java.lang.Object)'> (0x000000043e1f41b0) 
thrown [t:\workspace\open\src\hotspot\share\interpreter\linkResolver.cpp, line 766]
Event: 0.779 Thread 0x0000023d71503b80 Exception <a 'java/lang/NoClassDefFoundError'{0x000000043e3ef308}: jakarta/validation/Validation> (0x000000043e3ef308) 
thrown [t:\workspace\open\src\hotspot\share\classfile\systemDictionary.cpp, line 245]
Event: 0.782 Thread 0x0000023d70de98d0 Exception <a 'java/lang/NoSuchMethodError'{0x000000043e30d090}: 'java.lang.Object java.lang.invoke.DirectMethodHandle$Holder.invokeStatic(java.lang.Object, java.lang.Object, int)'> (0x000000043e30d090) 
thrown [t:\workspace\open\src\hotspot\share\interpreter\linkResolver.cpp, line 766]
Event: 0.783 Thread 0x0000023d70de98d0 Exception <a 'java/lang/NoSuchMethodError'{0x000000043e318aa8}: 'void java.lang.invoke.DelegatingMethodHandle$Holder.delegate(java.lang.Object, java.lang.Object, int, java.lang.Object)'> (0x000000043e318aa8) 
thrown [t:\workspace\open\src\hotspot\share\interpreter\linkResolver.cpp, line 766]
Event: 0.798 Thread 0x0000023d70de98d0 Exception <a 'java/lang/IncompatibleClassChangeError'{0x000000043e3ad528}: Found class java.lang.Object, but interface was expected> (0x000000043e3ad528) 
thrown [t:\workspace\open\src\hotspot\share\interpreter\linkResolver.cpp, line 833]

VM Operations (18 events):
Event: 0.102 Executing VM operation: HandshakeAllThreads
Event: 0.102 Executing VM operation: HandshakeAllThreads done
Event: 0.182 Executing VM operation: HandshakeAllThreads
Event: 0.182 Executing VM operation: HandshakeAllThreads done
Event: 0.212 Executing VM operation: HandshakeAllThreads
Event: 0.212 Executing VM operation: HandshakeAllThreads done
Event: 0.468 Executing VM operation: HandshakeAllThreads
Event: 0.468 Executing VM operation: HandshakeAllThreads done
Event: 0.547 Executing VM operation: ICBufferFull
Event: 0.547 Executing VM operation: ICBufferFull done
Event: 0.752 Executing VM operation: HandshakeAllThreads
Event: 0.752 Executing VM operation: HandshakeAllThreads done
Event: 0.753 Executing VM operation: HandshakeAllThreads
Event: 0.753 Executing VM operation: HandshakeAllThreads done
Event: 0.781 Executing VM operation: HandshakeAllThreads
Event: 0.782 Executing VM operation: HandshakeAllThreads done
Event: 0.790 Executing VM operation: ICBufferFull
Event: 0.790 Executing VM operation: ICBufferFull done

Events (20 events):
Event: 0.772 loading class java/lang/Short$ShortCache done
Event: 0.777 Thread 0x0000023d71503b80 Thread added: 0x0000023d71503b80
Event: 0.788 loading class java/beans/Introspector
Event: 0.789 loading class java/beans/Introspector done
Event: 0.789 loading class java/beans/EventSetDescriptor
Event: 0.789 loading class java/beans/FeatureDescriptor
Event: 0.789 loading class java/beans/FeatureDescriptor done
Event: 0.789 loading class java/beans/EventSetDescriptor done
Event: 0.789 loading class java/beans/Introspector$1
Event: 0.789 loading class jdk/internal/access/JavaBeansAccess
Event: 0.789 loading class jdk/internal/access/JavaBeansAccess done
Event: 0.789 loading class java/beans/Introspector$1 done
Event: 0.796 loading class sun/reflect/generics/scope/MethodScope
Event: 0.796 loading class sun/reflect/generics/scope/MethodScope done
Event: 0.796 loading class sun/reflect/generics/repository/MethodRepository
Event: 0.796 loading class sun/reflect/generics/repository/MethodRepository done
Event: 0.796 loading class java/util/AbstractList$ListItr
Event: 0.796 loading class java/util/AbstractList$Itr
Event: 0.796 loading class java/util/AbstractList$Itr done
Event: 0.796 loading class java/util/AbstractList$ListItr done


Dynamic libraries:
0x00007ff75c780000 - 0x00007ff75c790000 	C:\Program Files\Java\jdk-17.0.1\bin\java.exe
0x00007fff26b30000 - 0x00007fff26d28000 	C:\Windows\SYSTEM32\ntdll.dll
0x00007fff267c0000 - 0x00007fff26882000 	C:\Windows\System32\KERNEL32.DLL
0x00007fff243c0000 - 0x00007fff246b6000 	C:\Windows\System32\KERNELBASE.dll
0x00007fff24a50000 - 0x00007fff24b50000 	C:\Windows\System32\ucrtbase.dll
0x00007fff1a710000 - 0x00007fff1a728000 	C:\Program Files\Java\jdk-17.0.1\bin\jli.dll
0x00007fff1d540000 - 0x00007fff1d55a000 	C:\Program Files\Java\jdk-17.0.1\bin\VCRUNTIME140.dll
0x00007fff25f80000 - 0x00007fff26031000 	C:\Windows\System32\ADVAPI32.dll
0x00007fff24bd0000 - 0x00007fff24c6e000 	C:\Windows\System32\msvcrt.dll
0x00007fff25060000 - 0x00007fff250ff000 	C:\Windows\System32\sechost.dll
0x00007fff25240000 - 0x00007fff25363000 	C:\Windows\System32\RPCRT4.dll
0x00007fff242b0000 - 0x00007fff242d7000 	C:\Windows\System32\bcrypt.dll
0x00007fff26620000 - 0x00007fff267bd000 	C:\Windows\System32\USER32.dll
0x00007fff242e0000 - 0x00007fff24302000 	C:\Windows\System32\win32u.dll
0x00007fff0d9a0000 - 0x00007fff0dc3a000 	C:\Windows\WinSxS\amd64_microsoft.windows.common-controls_6595b64144ccf1df_6.0.19041.5915_none_60b4b9d171f9c7c7\COMCTL32.dll
0x00007fff265f0000 - 0x00007fff2661b000 	C:\Windows\System32\GDI32.dll
0x00007fff247d0000 - 0x00007fff248e9000 	C:\Windows\System32\gdi32full.dll
0x00007fff24210000 - 0x00007fff242ad000 	C:\Windows\System32\msvcp_win.dll
0x00007fff1cf50000 - 0x00007fff1cf5a000 	C:\Windows\SYSTEM32\VERSION.dll
0x00007fff26960000 - 0x00007fff2698f000 	C:\Windows\System32\IMM32.DLL
0x00007fff21810000 - 0x00007fff2181c000 	C:\Program Files\Java\jdk-17.0.1\bin\vcruntime140_1.dll
0x00007fff1a770000 - 0x00007fff1a7fd000 	C:\Program Files\Java\jdk-17.0.1\bin\msvcp140.dll
0x00007ffeb2a20000 - 0x00007ffeb35de000 	C:\Program Files\Java\jdk-17.0.1\bin\server\jvm.dll
0x00007fff25230000 - 0x00007fff25238000 	C:\Windows\System32\PSAPI.DLL
0x00007fff118b0000 - 0x00007fff118d7000 	C:\Windows\SYSTEM32\WINMM.dll
0x00007fff03fe0000 - 0x00007fff03fe9000 	C:\Windows\SYSTEM32\WSOCK32.dll
0x00007fff25790000 - 0x00007fff257fb000 	C:\Windows\System32\WS2_32.dll
0x00007fff22020000 - 0x00007fff22032000 	C:\Windows\SYSTEM32\kernel.appcore.dll
0x00007fff217f0000 - 0x00007fff217fa000 	C:\Program Files\Java\jdk-17.0.1\bin\jimage.dll
0x00007fff0e970000 - 0x00007fff0eb71000 	C:\Windows\SYSTEM32\DBGHELP.DLL
0x00007fff05b70000 - 0x00007fff05ba4000 	C:\Windows\SYSTEM32\dbgcore.DLL
0x00007fff24740000 - 0x00007fff247c2000 	C:\Windows\System32\bcryptPrimitives.dll
0x00007fff21250000 - 0x00007fff2125e000 	C:\Program Files\Java\jdk-17.0.1\bin\instrument.dll
0x00007fff1a740000 - 0x00007fff1a765000 	C:\Program Files\Java\jdk-17.0.1\bin\java.dll
0x00007fff108c0000 - 0x00007fff10996000 	C:\Program Files\Java\jdk-17.0.1\bin\svml.dll
0x00007fff25800000 - 0x00007fff25f6e000 	C:\Windows\System32\SHELL32.dll
0x00007fff22220000 - 0x00007fff229c4000 	C:\Windows\SYSTEM32\windows.storage.dll
0x00007fff253d0000 - 0x00007fff25723000 	C:\Windows\System32\combase.dll
0x00007fff23b20000 - 0x00007fff23b4b000 	C:\Windows\SYSTEM32\Wldp.dll
0x00007fff26890000 - 0x00007fff2695d000 	C:\Windows\System32\OLEAUT32.dll
0x00007fff24ce0000 - 0x00007fff24d8d000 	C:\Windows\System32\SHCORE.dll
0x00007fff25370000 - 0x00007fff253cb000 	C:\Windows\System32\shlwapi.dll
0x00007fff240f0000 - 0x00007fff24114000 	C:\Windows\SYSTEM32\profapi.dll
0x00007fff188a0000 - 0x00007fff188b8000 	C:\Program Files\Java\jdk-17.0.1\bin\zip.dll
0x00007fff1a630000 - 0x00007fff1a649000 	C:\Program Files\Java\jdk-17.0.1\bin\net.dll
0x00007fff1ea30000 - 0x00007fff1eb3a000 	C:\Windows\SYSTEM32\WINHTTP.dll
0x00007fff23830000 - 0x00007fff2389a000 	C:\Windows\system32\mswsock.dll
0x00007fff18960000 - 0x00007fff18975000 	C:\Program Files\Java\jdk-17.0.1\bin\nio.dll
0x00007fff21240000 - 0x00007fff21249000 	C:\Program Files\Java\jdk-17.0.1\bin\management.dll
0x00007fff1f310000 - 0x00007fff1f31b000 	C:\Program Files\Java\jdk-17.0.1\bin\management_ext.dll

dbghelp: loaded successfully - version: 4.0.5 - missing functions: none
symbol engine: initialized successfully - sym options: 0x614 - pdb path: .;C:\Program Files\Java\jdk-17.0.1\bin;C:\Windows\SYSTEM32;C:\Windows\WinSxS\amd64_microsoft.windows.common-controls_6595b64144ccf1df_6.0.19041.5915_none_60b4b9d171f9c7c7;C:\Program Files\Java\jdk-17.0.1\bin\server

VM Arguments:
jvm_args: -javaagent:E:\IntelliJ IDEA Community Edition 2024.3.5\lib\idea_rt.jar=50150 -Dfile.encoding=UTF-8 
java_command: com.example.TeluskoSpringSecurityTutorial.TeluskoSpringSecurityTutorialApplication
java_class_path (initial): C:\Users\Admin\OneDrive\Skrivbord\Studier\Spring\TeluskoSpringSecurityTutorial\target\classes;C:\Users\Admin\.m2\repository\org\springframework\boot\spring-boot-starter-data-mongodb-reactive\3.4.3\spring-boot-starter-data-mongodb-reactive-3.4.3.jar;C:\Users\Admin\.m2\repository\org\springframework\boot\spring-boot-starter\3.4.4\spring-boot-starter-3.4.4.jar;C:\Users\Admin\.m2\repository\org\springframework\boot\spring-boot-starter-logging\3.4.4\spring-boot-starter-logging-3.4.4.jar;C:\Users\Admin\.m2\repository\ch\qos\logback\logback-classic\1.5.18\logback-classic-1.5.18.jar;C:\Users\Admin\.m2\repository\ch\qos\logback\logback-core\1.5.18\logback-core-1.5.18.jar;C:\Users\Admin\.m2\repository\org\apache\logging\log4j\log4j-to-slf4j\2.24.3\log4j-to-slf4j-2.24.3.jar;C:\Users\Admin\.m2\repository\org\apache\logging\log4j\log4j-api\2.24.3\log4j-api-2.24.3.jar;C:\Users\Admin\.m2\repository\org\slf4j\jul-to-slf4j\2.0.17\jul-to-slf4j-2.0.17.jar;C:\Users\Admin\.m2\repository\jakarta\annotation\jakarta.annotation-api\2.1.1\jakarta.annotation-api-2.1.1.jar;C:\Users\Admin\.m2\repository\org\yaml\snakeyaml\2.3\snakeyaml-2.3.jar;C:\Users\Admin\.m2\repository\io\projectreactor\reactor-core\3.7.4\reactor-core-3.7.4.jar;C:\Users\Admin\.m2\repository\org\reactivestreams\reactive-streams\1.0.4\reactive-streams-1.0.4.jar;C:\Users\Admin\.m2\repository\org\mongodb\mongodb-driver-reactivestreams\5.2.1\mongodb-driver-reactivestreams-5.2.1.jar;C:\Users\Admin\.m2\repository\org\mongodb\bson\5.2.1\bson-5.2.1.jar;C:\Users\Admin\.m2\repository\org\mongodb\mongodb-driver-core\5.2.1\mongodb-driver-core-5.2.1.jar;C:\Users\Admin\.m2\repository\org\mongodb\bson-record-codec\5.2.1\bson-record-codec-5.2.1.jar;C:\Users\Admin\.m2\repository\org\springframework\data\spring-data-mongodb\4.4.4\spring-data-mongodb-4.4.4.jar;C:\Users\Admin\.m2\repository\org\springframework\spring-tx\6.2.5\spring-tx-6.2.5.jar;C:\Users\Admin\.m2\repository\org\springframework\spring-context\6.2.5\
Launcher Type: SUN_STANDARD

[Global flags]
     intx CICompilerCount                          = 4                                         {product} {ergonomic}
     uint ConcGCThreads                            = 3                                         {product} {ergonomic}
     uint G1ConcRefinementThreads                  = 10                                        {product} {ergonomic}
   size_t G1HeapRegionSize                         = 8388608                                   {product} {ergonomic}
    uintx GCDrainStackTargetSize                   = 64                                        {product} {ergonomic}
   size_t InitialHeapSize                          = 1073741824                                {product} {ergonomic}
   size_t MarkStackSize                            = 4194304                                   {product} {ergonomic}
   size_t MaxHeapSize                              = 17163091968                               {product} {ergonomic}
   size_t MaxNewSize                               = 10292822016                               {product} {ergonomic}
   size_t MinHeapDeltaBytes                        = 8388608                                   {product} {ergonomic}
   size_t MinHeapSize                              = 8388608                                   {product} {ergonomic}
    uintx NonNMethodCodeHeapSize                   = 5839372                                {pd product} {ergonomic}
    uintx NonProfiledCodeHeapSize                  = 122909434                              {pd product} {ergonomic}
    uintx ProfiledCodeHeapSize                     = 122909434                              {pd product} {ergonomic}
    uintx ReservedCodeCacheSize                    = 251658240                              {pd product} {ergonomic}
     bool SegmentedCodeCache                       = true                                      {product} {ergonomic}
   size_t SoftMaxHeapSize                          = 17163091968                            {manageable} {ergonomic}
     bool UseCompressedClassPointers               = true                           {product lp64_product} {ergonomic}
     bool UseCompressedOops                        = true                           {product lp64_product} {ergonomic}
     bool UseG1GC                                  = true                                      {product} {ergonomic}
     bool UseLargePagesIndividualAllocation        = false                                  {pd product} {ergonomic}

Logging:
Log output configuration:
 #0: stdout all=warning uptime,level,tags
 #1: stderr all=off uptime,level,tags

Environment Variables:
JAVA_HOME=C:\Program Files\Java\jdk-17.0.1
CLASSPATH="C:\Users\Admin\Downloads\pluralsight-camel-intro-master\pluralsight-camel-intro-master\bin\bootstrap.jar;.";.;
PATH=C:\Program Files\Java\jdk-17.0.1\bin;C:\Program Files (x86)\Microsoft SDKs\Azure\CLI2\wbin;C:\Program Files\Common Files\Oracle\Java\javapath;C:\Program Files (x86)\Common Files\Oracle\Java\javapath;C:\Windows\system32;C:\Windows;C:\Windows\System32\Wbem;C:\Windows\System32\WindowsPowerShell\v1.0\;C:\Windows\System32\OpenSSH\;C:\Program Files (x86)\NVIDIA Corporation\PhysX\Common;C:\Program Files\NVIDIA Corporation\NVIDIA NvDLISR;D:\Maven\apache-maven-3.8.2-bin\apache-maven-3.8.2\bin;D:\Git\cmd;C:\Program Files\Kubernetes\Minikube;D:\OpenSSL-Win64\bin;C:\;C:\Program Files\Microsoft SQL Server\130\Tools\Binn\;C:\Program Files\WinRAR;C:\Program Files\dotnet\;E:\nodejs\;C:\Program Files\Docker\Docker\resources\bin;C:\Program Files\Mullvad VPN\resources;C:\Users\Admin\AppData\Local\Programs\Python\Python313\Scripts\;C:\Users\Admin\AppData\Local\Programs\Python\Python313\;C:\Users\Admin\AppData\Local\Microsoft\WindowsApps;D:\Flutter\flutter\bin;D:\Microsoft VS Code\bin;D:\GnuWin32\bin;D:\Fiddler;C:\;D:\Android\platform-tools;C:\Users\Admin\AppData\Local\Muse Hub\lib;C:\Users\Admin\AppData\Roaming\npm;C:\Users\Admin\AppData\Local\Microsoft\WinGet\Packages\Gyan.FFmpeg_Microsoft.Winget.Source_8wekyb3d8bbwe\ffmpeg-7.1.1-full_build\bin;E:\cursor\resources\app\bin
USERNAME=Admin
OS=Windows_NT
PROCESSOR_IDENTIFIER=Intel64 Family 6 Model 165 Stepping 5, GenuineIntel



---------------  S Y S T E M  ---------------

OS:
 Windows 10 , 64 bit Build 19041 (10.0.19041.5915)
OS uptime: 8 days 15:59 hours
Hyper-V role detected

CPU: total 12 (initial active 12) (6 cores per cpu, 2 threads per core) family 6 model 165 stepping 5 microcode 0xca, cx8, cmov, fxsr, ht, mmx, 3dnowpref, sse, sse2, sse3, ssse3, sse4.1, sse4.2, popcnt, lzcnt, tsc, tscinvbit, avx, avx2, aes, erms, clmul, bmi1, bmi2, adx, fma, vzeroupper, clflush, clflushopt, hv

Memory: 4k page, system-wide physical 65464M (43995M free)
TotalPageFile size 95196M (AvailPageFile size 0M)
current process WorkingSet (physical memory assigned to process): 114M, peak: 114M
current process commit charge ("private bytes"): 1171M, peak: 1171M

vm_info: Java HotSpot(TM) 64-Bit Server VM (17.0.1+12-LTS-39) for windows-amd64 JRE (17.0.1+12-LTS-39), built on Sep 27 2021 18:41:35 by "mach5one" with MS VC++ 16.8 (VS2019)

END.
